Error in file(filename, "r", encoding = encoding) : 
  cannot open the connection
Calls: source -> file
In addition: Warning message:
In file(filename, "r", encoding = encoding) :
  cannot open file 'UniFrac.r': No such file or directory
recover called non-interactively; frames dumped, use debugger() to view
Warning message:
package ‘ape’ was built under R version 3.1.3 
Warning message:
package ‘phangorn’ was built under R version 3.1.3 
Loading required package: permute
Loading required package: lattice
This is vegan 2.3-0

Attaching package: ‘vegan’

The following objects are masked from ‘package:phangorn’:

    diversity, treedist

Warning messages:
1: package ‘vegan’ was built under R version 3.1.3 
2: package ‘permute’ was built under R version 3.1.3 
3: package ‘lattice’ was built under R version 3.1.3 
Error in plot_all_gut_saliva_unifrac("data/gut_saliva_data/low_sequencing_depth_hmp_data.txt",  : 
  could not find function "getDistanceMatrix"
recover called non-interactively; frames dumped, use debugger() to view
Error in plot_all_gut_saliva_unifrac("data/gut_saliva_data/med_sequencing_depth_hmp_data.txt",  : 
  could not find function "getDistanceMatrix"
recover called non-interactively; frames dumped, use debugger() to view
Error in plot_all_gut_saliva_unifrac("data/gut_saliva_data/high_sequencing_depth_hmp_data.txt",  : 
  could not find function "getDistanceMatrix"
recover called non-interactively; frames dumped, use debugger() to view
Error: unexpected string constant in "g_depth_subtree.tre",""
No suitable frames for recover()
Error in plot_all_gut_saliva_unifrac("data/gut_saliva_data/high_sequencing_depth_hmp_data.txt",  : 
  could not find function "getDistanceMatrix"
recover called non-interactively; frames dumped, use debugger() to view
