Loading required package: ape
Loading required package: MASS
Loading required package: NADA
Loading required package: survival

Attaching package: ‘NADA’

The following object is masked from ‘package:stats’:

    cor

Loading required package: truncnorm
Loading required package: permute
Loading required package: lattice
This is vegan 2.3-3

Attaching package: ‘vegan’

The following objects are masked from ‘package:phangorn’:

    diversity, treedist

[1] "calculated proportional abundance"
No. corrected values:  189074 
[1] "calculating weights..."
[1] "calculating pairwise distances..."
[1] "calculating unweighted distance matrix"
[1] "done"
[1] "calculating weighted distance matrix"
[1] "done"
[1] "calculating information distance matrix"
[1] "done"
[1] "calculating ratio distance matrix"
[1] "done"
[1] "calculating no log ratio distance matrix"
[1] "done"
null device 
          1 
