Loading required package: ape
Loading required package: MASS
Loading required package: NADA
Loading required package: methods
Loading required package: survival

Attaching package: ‘NADA’

The following object is masked from ‘package:stats’:

    cor

Loading required package: truncnorm
Warning messages:
1: package ‘phangorn’ was built under R version 3.1.3 
2: package ‘ape’ was built under R version 3.1.3 
3: package ‘zCompositions’ was built under R version 3.1.2 
4: package ‘MASS’ was built under R version 3.1.3 
5: package ‘NADA’ was built under R version 3.1.2 
6: package ‘survival’ was built under R version 3.1.3 
7: package ‘truncnorm’ was built under R version 3.1.2 
Loading required package: permute
Loading required package: lattice
This is vegan 2.3-0

Attaching package: ‘vegan’

The following objects are masked from ‘package:phangorn’:

    diversity, treedist

Warning messages:
1: package ‘vegan’ was built under R version 3.1.3 
2: package ‘permute’ was built under R version 3.1.3 
3: package ‘lattice’ was built under R version 3.1.3 
[1] "calculated proportional abundance"
[1] "calculating weights..."
[1] "calculating pairwise distances..."
[1] "done"
There were 50 or more warnings (use warnings() to see the first 50)
[1] "calculated proportional abundance"
[1] "calculating weights..."
[1] "calculating pairwise distances..."
[1] "calculating unweighted distance matrix"
[1] "done"
[1] "calculating weighted distance matrix"
[1] "done"
[1] "calculating information distance matrix"
[1] "done"
[1] "calculating ratio distance matrix"
[1] "done"
[1] "calculating no log ratio distance matrix"
[1] "done"
null device 
          1 
